<?xml version="1.0" encoding="UTF-8"?>
<coverage generated="1666944956840" clover="3.2.0">
  <project timestamp="1666944956840" name="All files">
    <metrics statements="63" coveredstatements="63" conditionals="16" coveredconditionals="16" methods="13" coveredmethods="13" elements="92" coveredelements="92" complexity="0" loc="63" ncloc="63" packages="1" files="1" classes="1"/>
    <file name="mars_rover.ts" path="/Users/ritaaktay/Projects/TDD katas/mars-rover/src/mars_rover.ts">
      <metrics statements="63" coveredstatements="63" conditionals="16" coveredconditionals="16" methods="13" coveredmethods="13"/>
      <line num="1" count="1" type="stmt"/>
      <line num="18" count="38" type="stmt"/>
      <line num="22" count="38" type="stmt"/>
      <line num="26" count="38" type="stmt"/>
      <line num="27" count="38" type="stmt"/>
      <line num="30" count="38" type="stmt"/>
      <line num="31" count="24" type="stmt"/>
      <line num="34" count="38" type="stmt"/>
      <line num="35" count="35" type="stmt"/>
      <line num="36" count="51" type="cond" truecount="1" falsecount="0"/>
      <line num="40" count="38" type="stmt"/>
      <line num="41" count="51" type="stmt"/>
      <line num="44" count="38" type="stmt"/>
      <line num="45" count="51" type="stmt"/>
      <line num="46" count="51" type="stmt"/>
      <line num="47" count="51" type="stmt"/>
      <line num="48" count="51" type="stmt"/>
      <line num="49" count="51" type="stmt"/>
      <line num="50" count="51" type="stmt"/>
      <line num="51" count="51" type="cond" truecount="1" falsecount="0"/>
      <line num="54" count="38" type="stmt"/>
      <line num="55" count="14" type="cond" truecount="4" falsecount="0"/>
      <line num="57" count="8" type="stmt"/>
      <line num="58" count="8" type="stmt"/>
      <line num="60" count="2" type="stmt"/>
      <line num="61" count="2" type="stmt"/>
      <line num="63" count="2" type="stmt"/>
      <line num="64" count="2" type="stmt"/>
      <line num="66" count="2" type="stmt"/>
      <line num="68" count="14" type="stmt"/>
      <line num="71" count="38" type="stmt"/>
      <line num="72" count="18" type="cond" truecount="4" falsecount="0"/>
      <line num="74" count="10" type="stmt"/>
      <line num="75" count="10" type="stmt"/>
      <line num="77" count="2" type="stmt"/>
      <line num="78" count="2" type="stmt"/>
      <line num="80" count="2" type="stmt"/>
      <line num="81" count="2" type="stmt"/>
      <line num="83" count="4" type="stmt"/>
      <line num="85" count="18" type="stmt"/>
      <line num="88" count="38" type="stmt"/>
      <line num="89" count="10" type="stmt"/>
      <line num="90" count="10" type="stmt"/>
      <line num="91" count="10" type="stmt"/>
      <line num="92" count="10" type="stmt"/>
      <line num="95" count="38" type="stmt"/>
      <line num="96" count="9" type="stmt"/>
      <line num="97" count="9" type="stmt"/>
      <line num="98" count="9" type="stmt"/>
      <line num="99" count="9" type="stmt"/>
      <line num="102" count="38" type="stmt"/>
      <line num="103" count="32" type="stmt"/>
      <line num="104" count="32" type="stmt"/>
      <line num="107" count="38" type="stmt"/>
      <line num="108" count="32" type="cond" truecount="2" falsecount="0"/>
      <line num="109" count="2" type="stmt"/>
      <line num="110" count="30" type="cond" truecount="1" falsecount="0"/>
      <line num="111" count="2" type="stmt"/>
      <line num="115" count="38" type="stmt"/>
      <line num="116" count="32" type="cond" truecount="2" falsecount="0"/>
      <line num="117" count="2" type="stmt"/>
      <line num="118" count="30" type="cond" truecount="1" falsecount="0"/>
      <line num="119" count="2" type="stmt"/>
    </file>
  </project>
</coverage>
