{"/Users/ritaaktay/Projects/TDD katas/mars-rover/src/mars_rover.ts": {"path":"/Users/ritaaktay/Projects/TDD katas/mars-rover/src/mars_rover.ts","statementMap":{"0":{"start":{"line":30,"column":2},"end":{"line":32,"column":4}},"1":{"start":{"line":31,"column":4},"end":{"line":31,"column":46}},"2":{"start":{"line":34,"column":2},"end":{"line":38,"column":4}},"3":{"start":{"line":35,"column":4},"end":{"line":37,"column":7}},"4":{"start":{"line":36,"column":6},"end":{"line":36,"column":54}},"5":{"start":{"line":36,"column":33},"end":{"line":36,"column":54}},"6":{"start":{"line":40,"column":2},"end":{"line":42,"column":4}},"7":{"start":{"line":41,"column":4},"end":{"line":41,"column":16}},"8":{"start":{"line":44,"column":2},"end":{"line":52,"column":4}},"9":{"start":{"line":45,"column":23},"end":{"line":45,"column":53}},"10":{"start":{"line":46,"column":4},"end":{"line":46,"column":43}},"11":{"start":{"line":47,"column":4},"end":{"line":47,"column":44}},"12":{"start":{"line":48,"column":4},"end":{"line":48,"column":40}},"13":{"start":{"line":49,"column":4},"end":{"line":49,"column":41}},"14":{"start":{"line":50,"column":51},"end":{"line":50,"column":74}},"15":{"start":{"line":51,"column":4},"end":{"line":51,"column":50}},"16":{"start":{"line":51,"column":35},"end":{"line":51,"column":50}},"17":{"start":{"line":54,"column":2},"end":{"line":69,"column":4}},"18":{"start":{"line":55,"column":4},"end":{"line":67,"column":null}},"19":{"start":{"line":57,"column":8},"end":{"line":57,"column":29}},"20":{"start":{"line":58,"column":8},"end":{"line":58,"column":14}},"21":{"start":{"line":60,"column":8},"end":{"line":60,"column":29}},"22":{"start":{"line":61,"column":8},"end":{"line":61,"column":14}},"23":{"start":{"line":63,"column":8},"end":{"line":63,"column":29}},"24":{"start":{"line":64,"column":8},"end":{"line":64,"column":14}},"25":{"start":{"line":66,"column":8},"end":{"line":66,"column":29}},"26":{"start":{"line":68,"column":4},"end":{"line":68,"column":21}},"27":{"start":{"line":71,"column":2},"end":{"line":86,"column":4}},"28":{"start":{"line":72,"column":4},"end":{"line":84,"column":null}},"29":{"start":{"line":74,"column":8},"end":{"line":74,"column":29}},"30":{"start":{"line":75,"column":8},"end":{"line":75,"column":14}},"31":{"start":{"line":77,"column":8},"end":{"line":77,"column":29}},"32":{"start":{"line":78,"column":8},"end":{"line":78,"column":14}},"33":{"start":{"line":80,"column":8},"end":{"line":80,"column":29}},"34":{"start":{"line":81,"column":8},"end":{"line":81,"column":14}},"35":{"start":{"line":83,"column":8},"end":{"line":83,"column":29}},"36":{"start":{"line":85,"column":4},"end":{"line":85,"column":21}},"37":{"start":{"line":88,"column":2},"end":{"line":93,"column":4}},"38":{"start":{"line":89,"column":40},"end":{"line":89,"column":65}},"39":{"start":{"line":90,"column":35},"end":{"line":90,"column":77}},"40":{"start":{"line":91,"column":36},"end":{"line":91,"column":66}},"41":{"start":{"line":92,"column":4},"end":{"line":92,"column":34}},"42":{"start":{"line":95,"column":2},"end":{"line":100,"column":4}},"43":{"start":{"line":96,"column":41},"end":{"line":96,"column":66}},"44":{"start":{"line":97,"column":36},"end":{"line":97,"column":79}},"45":{"start":{"line":98,"column":36},"end":{"line":98,"column":68}},"46":{"start":{"line":99,"column":4},"end":{"line":99,"column":34}},"47":{"start":{"line":102,"column":2},"end":{"line":105,"column":4}},"48":{"start":{"line":103,"column":4},"end":{"line":103,"column":22}},"49":{"start":{"line":104,"column":4},"end":{"line":104,"column":22}},"50":{"start":{"line":107,"column":2},"end":{"line":113,"column":4}},"51":{"start":{"line":108,"column":4},"end":{"line":112,"column":null}},"52":{"start":{"line":109,"column":6},"end":{"line":109,"column":26}},"53":{"start":{"line":110,"column":11},"end":{"line":112,"column":null}},"54":{"start":{"line":111,"column":6},"end":{"line":111,"column":36}},"55":{"start":{"line":115,"column":2},"end":{"line":121,"column":4}},"56":{"start":{"line":116,"column":4},"end":{"line":120,"column":null}},"57":{"start":{"line":117,"column":6},"end":{"line":117,"column":26}},"58":{"start":{"line":118,"column":11},"end":{"line":120,"column":null}},"59":{"start":{"line":119,"column":6},"end":{"line":119,"column":36}},"60":{"start":{"line":18,"column":4},"end":{"line":21,"column":6}},"61":{"start":{"line":22,"column":4},"end":{"line":25,"column":6}},"62":{"start":{"line":26,"column":4},"end":{"line":26,"column":31}},"63":{"start":{"line":27,"column":4},"end":{"line":27,"column":41}},"64":{"start":{"line":1,"column":0},"end":{"line":1,"column":13}}},"fnMap":{"0":{"name":"(anonymous_1)","decl":{"start":{"line":13,"column":2},"end":{"line":13,"column":null}},"loc":{"start":{"line":16,"column":26},"end":{"line":28,"column":3}}},"1":{"name":"(anonymous_2)","decl":{"start":{"line":30,"column":16},"end":{"line":30,"column":37}},"loc":{"start":{"line":30,"column":39},"end":{"line":32,"column":3}}},"2":{"name":"(anonymous_3)","decl":{"start":{"line":34,"column":9},"end":{"line":34,"column":10}},"loc":{"start":{"line":34,"column":36},"end":{"line":38,"column":3}}},"3":{"name":"(anonymous_4)","decl":{"start":{"line":35,"column":31},"end":{"line":35,"column":32}},"loc":{"start":{"line":35,"column":40},"end":{"line":37,"column":5}}},"4":{"name":"(anonymous_5)","decl":{"start":{"line":40,"column":15},"end":{"line":40,"column":16}},"loc":{"start":{"line":40,"column":46},"end":{"line":42,"column":3}}},"5":{"name":"(anonymous_6)","decl":{"start":{"line":44,"column":14},"end":{"line":44,"column":15}},"loc":{"start":{"line":44,"column":41},"end":{"line":52,"column":3}}},"6":{"name":"(anonymous_7)","decl":{"start":{"line":54,"column":18},"end":{"line":54,"column":27}},"loc":{"start":{"line":54,"column":29},"end":{"line":69,"column":3}}},"7":{"name":"(anonymous_8)","decl":{"start":{"line":71,"column":17},"end":{"line":71,"column":26}},"loc":{"start":{"line":71,"column":28},"end":{"line":86,"column":3}}},"8":{"name":"(anonymous_9)","decl":{"start":{"line":88,"column":14},"end":{"line":88,"column":23}},"loc":{"start":{"line":88,"column":25},"end":{"line":93,"column":3}}},"9":{"name":"(anonymous_10)","decl":{"start":{"line":95,"column":15},"end":{"line":95,"column":24}},"loc":{"start":{"line":95,"column":26},"end":{"line":100,"column":3}}},"10":{"name":"(anonymous_11)","decl":{"start":{"line":102,"column":14},"end":{"line":102,"column":23}},"loc":{"start":{"line":102,"column":25},"end":{"line":105,"column":3}}},"11":{"name":"(anonymous_12)","decl":{"start":{"line":107,"column":15},"end":{"line":107,"column":24}},"loc":{"start":{"line":107,"column":26},"end":{"line":113,"column":3}}},"12":{"name":"(anonymous_13)","decl":{"start":{"line":115,"column":15},"end":{"line":115,"column":24}},"loc":{"start":{"line":115,"column":26},"end":{"line":121,"column":3}}}},"branchMap":{"0":{"loc":{"start":{"line":36,"column":6},"end":{"line":36,"column":54}},"type":"if","locations":[{"start":{"line":36,"column":6},"end":{"line":36,"column":54}}]},"1":{"loc":{"start":{"line":51,"column":4},"end":{"line":51,"column":50}},"type":"if","locations":[{"start":{"line":51,"column":4},"end":{"line":51,"column":50}}]},"2":{"loc":{"start":{"line":55,"column":4},"end":{"line":67,"column":null}},"type":"switch","locations":[{"start":{"line":56,"column":6},"end":{"line":58,"column":14}},{"start":{"line":59,"column":6},"end":{"line":61,"column":14}},{"start":{"line":62,"column":6},"end":{"line":64,"column":14}},{"start":{"line":65,"column":6},"end":{"line":66,"column":29}}]},"3":{"loc":{"start":{"line":72,"column":4},"end":{"line":84,"column":null}},"type":"switch","locations":[{"start":{"line":73,"column":6},"end":{"line":75,"column":14}},{"start":{"line":76,"column":6},"end":{"line":78,"column":14}},{"start":{"line":79,"column":6},"end":{"line":81,"column":14}},{"start":{"line":82,"column":6},"end":{"line":83,"column":29}}]},"4":{"loc":{"start":{"line":108,"column":4},"end":{"line":112,"column":null}},"type":"if","locations":[{"start":{"line":108,"column":4},"end":{"line":112,"column":null}},{"start":{"line":110,"column":11},"end":{"line":112,"column":null}}]},"5":{"loc":{"start":{"line":110,"column":11},"end":{"line":112,"column":null}},"type":"if","locations":[{"start":{"line":110,"column":11},"end":{"line":112,"column":null}}]},"6":{"loc":{"start":{"line":116,"column":4},"end":{"line":120,"column":null}},"type":"if","locations":[{"start":{"line":116,"column":4},"end":{"line":120,"column":null}},{"start":{"line":118,"column":11},"end":{"line":120,"column":null}}]},"7":{"loc":{"start":{"line":118,"column":11},"end":{"line":120,"column":null}},"type":"if","locations":[{"start":{"line":118,"column":11},"end":{"line":120,"column":null}}]}},"s":{"0":38,"1":24,"2":38,"3":35,"4":51,"5":51,"6":38,"7":51,"8":38,"9":51,"10":51,"11":51,"12":51,"13":51,"14":51,"15":51,"16":51,"17":38,"18":14,"19":8,"20":8,"21":2,"22":2,"23":2,"24":2,"25":2,"26":14,"27":38,"28":18,"29":10,"30":10,"31":2,"32":2,"33":2,"34":2,"35":4,"36":18,"37":38,"38":10,"39":10,"40":10,"41":10,"42":38,"43":9,"44":9,"45":9,"46":9,"47":38,"48":32,"49":32,"50":38,"51":32,"52":2,"53":30,"54":2,"55":38,"56":32,"57":2,"58":30,"59":2,"60":38,"61":38,"62":38,"63":38,"64":1},"f":{"0":38,"1":24,"2":35,"3":51,"4":51,"5":51,"6":14,"7":18,"8":10,"9":9,"10":32,"11":32,"12":32},"b":{"0":[51],"1":[51],"2":[8,2,2,2],"3":[10,2,2,4],"4":[2,30],"5":[2],"6":[2,30],"7":[2]}}
}
