TN:
SF:src/mars_rover.ts
FN:13,(anonymous_1)
FN:30,(anonymous_2)
FN:34,(anonymous_3)
FN:35,(anonymous_4)
FN:40,(anonymous_5)
FN:44,(anonymous_6)
FN:54,(anonymous_7)
FN:71,(anonymous_8)
FN:88,(anonymous_9)
FN:95,(anonymous_10)
FN:102,(anonymous_11)
FN:107,(anonymous_12)
FN:115,(anonymous_13)
FNF:13
FNH:13
FNDA:38,(anonymous_1)
FNDA:24,(anonymous_2)
FNDA:35,(anonymous_3)
FNDA:51,(anonymous_4)
FNDA:51,(anonymous_5)
FNDA:51,(anonymous_6)
FNDA:14,(anonymous_7)
FNDA:18,(anonymous_8)
FNDA:10,(anonymous_9)
FNDA:9,(anonymous_10)
FNDA:32,(anonymous_11)
FNDA:32,(anonymous_12)
FNDA:32,(anonymous_13)
DA:1,1
DA:18,38
DA:22,38
DA:26,38
DA:27,38
DA:30,38
DA:31,24
DA:34,38
DA:35,35
DA:36,51
DA:40,38
DA:41,51
DA:44,38
DA:45,51
DA:46,51
DA:47,51
DA:48,51
DA:49,51
DA:50,51
DA:51,51
DA:54,38
DA:55,14
DA:57,8
DA:58,8
DA:60,2
DA:61,2
DA:63,2
DA:64,2
DA:66,2
DA:68,14
DA:71,38
DA:72,18
DA:74,10
DA:75,10
DA:77,2
DA:78,2
DA:80,2
DA:81,2
DA:83,4
DA:85,18
DA:88,38
DA:89,10
DA:90,10
DA:91,10
DA:92,10
DA:95,38
DA:96,9
DA:97,9
DA:98,9
DA:99,9
DA:102,38
DA:103,32
DA:104,32
DA:107,38
DA:108,32
DA:109,2
DA:110,30
DA:111,2
DA:115,38
DA:116,32
DA:117,2
DA:118,30
DA:119,2
LF:63
LH:63
BRDA:36,0,0,51
BRDA:51,1,0,51
BRDA:55,2,0,8
BRDA:55,2,1,2
BRDA:55,2,2,2
BRDA:55,2,3,2
BRDA:72,3,0,10
BRDA:72,3,1,2
BRDA:72,3,2,2
BRDA:72,3,3,4
BRDA:108,4,0,2
BRDA:108,4,1,30
BRDA:110,5,0,2
BRDA:116,6,0,2
BRDA:116,6,1,30
BRDA:118,7,0,2
BRF:16
BRH:16
end_of_record
